2025-08-18 00:23:13.913674: I tensorflow/core/util/port.cc:153] oneDNN custom operations are on. You may see slightly different numerical results due to floating-point round-off errors from different computation orders. To turn them off, set the environment variable `TF_ENABLE_ONEDNN_OPTS=0`.
2025-08-18 00:23:13.992352: I tensorflow/core/platform/cpu_feature_guard.cc:210] This TensorFlow binary is optimized to use available CPU instructions in performance-critical operations.
To enable the following instructions: AVX2 AVX512F AVX512_VNNI FMA, in other operations, rebuild TensorFlow with the appropriate compiler flags.
2025-08-18 00:23:15.270129: I tensorflow/core/util/port.cc:153] oneDNN custom operations are on. You may see slightly different numerical results due to floating-point round-off errors from different computation orders. To turn them off, set the environment variable `TF_ENABLE_ONEDNN_OPTS=0`.
fatal: not a git repository (or any parent up to mount point /)
Stopping at filesystem boundary (GIT_DISCOVERY_ACROSS_FILESYSTEM not set).
[ConvNeXtV2] Selected output indexes: [1, 2, 3]
[ConvNeXtV2] Output feature channels: [256, 512, 1024]
Not using distributed mode
git:
  sha: N/A, status: clean, branch: N/A

Namespace(num_classes=12, grad_accum_steps=2, amp=False, lr=0.0001, lr_encoder=0.00015, batch_size=2, weight_decay=0.0001, epochs=30, lr_drop=11, clip_max_norm=0.1, lr_vit_layer_decay=0.8, lr_component_decay=1.0, do_benchmark=False, dropout=0, drop_path=0, drop_mode='standard', drop_schedule='constant', cutoff_epoch=0, pretrained_encoder=None, pretrain_weights=None, pretrain_exclude_keys=None, pretrain_keys_modify_to_load=None, pretrained_distiller=None, encoder='dinov2_base', vit_encoder_num_layers=12, window_block_indexes=None, position_embedding='sine', out_feature_indexes=[-1], freeze_encoder=False, layer_norm=False, rms_norm=False, backbone_lora=False, force_no_pretrain=False, dec_layers=3, dim_feedforward=2048, hidden_dim=256, sa_nheads=8, ca_nheads=8, num_queries=300, group_detr=13, two_stage=False, projector_scale='P3', lite_refpoint_refine=False, num_select=100, dec_n_points=4, decoder_norm='LN', bbox_reparam=False, freeze_batch_norm=False, set_cost_class=2, set_cost_bbox=5, set_cost_giou=2, cls_loss_coef=2, bbox_loss_coef=5, giou_loss_coef=2, focal_alpha=0.25, aux_loss=False, sum_group_losses=False, use_varifocal_loss=False, use_position_supervised_loss=False, ia_bce_loss=False, dataset_file='coco', coco_path='dataset_detr', dataset_dir=None, square_resize_div_64=False, output_dir='output', dont_save_weights=False, checkpoint_interval=10, seed=42, resume='', start_epoch=0, eval=False, use_ema=False, ema_decay=0.9997, ema_tau=0, num_workers=2, device='cpu', world_size=1, dist_url='env://', sync_bn=True, fp16_eval=False, encoder_only=False, backbone_only=False, resolution=256, use_cls_token=False, multi_scale=False, expanded_scales=False, warmup_epochs=1, lr_scheduler='step', lr_min_factor=0.0, early_stopping=False, early_stopping_patience=10, early_stopping_min_delta=0.001, early_stopping_use_ema=False, gradient_checkpointing=False, distributed=False)
number of params: 100038370
loading annotations into memory...
Done (t=0.01s)
creating index...
index created!
loading annotations into memory...
Done (t=0.00s)
creating index...
index created!
Start training
Grad accum steps:  2
Total batch size:  4
LENGTH OF DATA LOADER: 225
Epoch: [0]  [  0/225]  eta: 0:25:54  lr: 0.000000  class_error: 38.46  loss: 5.6032 (5.6032)  loss_ce: 1.7427 (1.7427)  loss_bbox: 2.8315 (2.8315)  loss_giou: 1.0290 (1.0290)  loss_ce_unscaled: 0.8714 (0.8714)  class_error_unscaled: 38.4615 (38.4615)  loss_bbox_unscaled: 0.5663 (0.5663)  loss_giou_unscaled: 0.5145 (0.5145)  cardinality_error_unscaled: 96.5000 (96.5000)  time: 6.9103  data: 4.1811  max mem: 0
Epoch: [0]  [ 10/225]  eta: 0:07:58  lr: 0.000005  class_error: 100.00  loss: 6.6269 (6.9426)  loss_ce: 1.8938 (1.9242)  loss_bbox: 3.2884 (3.3949)  loss_giou: 1.5290 (1.6235)  loss_ce_unscaled: 0.9469 (0.9621)  class_error_unscaled: 61.5385 (62.7040)  loss_bbox_unscaled: 0.6577 (0.6790)  loss_giou_unscaled: 0.7645 (0.8118)  cardinality_error_unscaled: 96.0000 (95.1364)  time: 2.2259  data: 0.3898  max mem: 0
Epoch: [0]  [ 20/225]  eta: 0:07:23  lr: 0.000009  class_error: 17.95  loss: 6.5831 (6.7821)  loss_ce: 1.8938 (1.9392)  loss_bbox: 3.1874 (3.2591)  loss_giou: 1.5290 (1.5838)  loss_ce_unscaled: 0.9469 (0.9696)  class_error_unscaled: 65.9341 (67.2423)  loss_bbox_unscaled: 0.6375 (0.6518)  loss_giou_unscaled: 0.7645 (0.7919)  cardinality_error_unscaled: 96.0000 (95.6190)  time: 1.9276  data: 0.0113  max mem: 0
Epoch: [0]  [ 30/225]  eta: 0:06:46  lr: 0.000014  class_error: 100.00  loss: 6.0603 (6.7895)  loss_ce: 1.8791 (1.8884)  loss_bbox: 2.9952 (3.3405)  loss_giou: 1.3642 (1.5606)  loss_ce_unscaled: 0.9396 (0.9442)  class_error_unscaled: 69.2308 (66.4599)  loss_bbox_unscaled: 0.5990 (0.6681)  loss_giou_unscaled: 0.6821 (0.7803)  cardinality_error_unscaled: 98.0000 (96.4032)  time: 2.0082  data: 0.0099  max mem: 0
Epoch: [0]  [ 40/225]  eta: 0:06:23  lr: 0.000018  class_error: 5.13  loss: 5.2939 (6.4935)  loss_ce: 1.5235 (1.7526)  loss_bbox: 2.8009 (3.2311)  loss_giou: 1.3270 (1.5098)  loss_ce_unscaled: 0.7618 (0.8763)  class_error_unscaled: 50.0000 (60.2832)  loss_bbox_unscaled: 0.5602 (0.6462)  loss_giou_unscaled: 0.6635 (0.7549)  cardinality_error_unscaled: 99.0000 (96.9756)  time: 1.9718  data: 0.0079  max mem: 0
Epoch: [0]  [ 50/225]  eta: 0:05:57  lr: 0.000023  class_error: 100.00  loss: 5.0371 (6.1277)  loss_ce: 1.2007 (1.6282)  loss_bbox: 2.3443 (3.0493)  loss_giou: 1.2680 (1.4502)  loss_ce_unscaled: 0.6004 (0.8141)  class_error_unscaled: 50.0000 (61.5349)  loss_bbox_unscaled: 0.4689 (0.6099)  loss_giou_unscaled: 0.6340 (0.7251)  cardinality_error_unscaled: 99.0000 (97.3529)  time: 1.9722  data: 0.0093  max mem: 0
Epoch: [0]  [ 60/225]  eta: 0:05:33  lr: 0.000027  class_error: 90.38  loss: 5.7471 (6.1856)  loss_ce: 1.1670 (1.5596)  loss_bbox: 2.8943 (3.1486)  loss_giou: 1.4532 (1.4773)  loss_ce_unscaled: 0.5835 (0.7798)  class_error_unscaled: 76.9231 (61.5628)  loss_bbox_unscaled: 0.5789 (0.6297)  loss_giou_unscaled: 0.7266 (0.7387)  cardinality_error_unscaled: 99.0000 (97.5738)  time: 1.9111  data: 0.0103  max mem: 0
Epoch: [0]  [ 70/225]  eta: 0:05:09  lr: 0.000032  class_error: 10.26  loss: 6.1223 (6.0958)  loss_ce: 0.8687 (1.4588)  loss_bbox: 3.4117 (3.1563)  loss_giou: 1.6303 (1.4808)  loss_ce_unscaled: 0.4344 (0.7294)  class_error_unscaled: 38.4615 (58.0111)  loss_bbox_unscaled: 0.6823 (0.6313)  loss_giou_unscaled: 0.8151 (0.7404)  cardinality_error_unscaled: 99.0000 (97.7254)  time: 1.8896  data: 0.0124  max mem: 0
Epoch: [0]  [ 80/225]  eta: 0:04:47  lr: 0.000036  class_error: 51.28  loss: 6.0674 (6.0757)  loss_ce: 0.8248 (1.3788)  loss_bbox: 3.5664 (3.2035)  loss_giou: 1.5631 (1.4933)  loss_ce_unscaled: 0.4124 (0.6894)  class_error_unscaled: 38.4615 (55.9577)  loss_bbox_unscaled: 0.7133 (0.6407)  loss_giou_unscaled: 0.7816 (0.7467)  cardinality_error_unscaled: 98.5000 (97.8025)  time: 1.8640  data: 0.0116  max mem: 0
Epoch: [0]  [ 90/225]  eta: 0:04:26  lr: 0.000040  class_error: 23.08  loss: 6.2332 (6.0665)  loss_ce: 0.7154 (1.3007)  loss_bbox: 3.7630 (3.2525)  loss_giou: 1.6061 (1.5133)  loss_ce_unscaled: 0.3577 (0.6503)  class_error_unscaled: 46.1538 (53.4276)  loss_bbox_unscaled: 0.7526 (0.6505)  loss_giou_unscaled: 0.8031 (0.7567)  cardinality_error_unscaled: 98.5000 (97.7857)  time: 1.8927  data: 0.0085  max mem: 0
Epoch: [0]  [100/225]  eta: 0:04:07  lr: 0.000045  class_error: 76.92  loss: 6.0554 (6.0645)  loss_ce: 0.7097 (1.2505)  loss_bbox: 3.5416 (3.2814)  loss_giou: 1.7011 (1.5325)  loss_ce_unscaled: 0.3548 (0.6253)  class_error_unscaled: 36.5385 (52.5803)  loss_bbox_unscaled: 0.7083 (0.6563)  loss_giou_unscaled: 0.8505 (0.7663)  cardinality_error_unscaled: 98.5000 (97.8267)  time: 1.9762  data: 0.0116  max mem: 0
Epoch: [0]  [110/225]  eta: 0:03:46  lr: 0.000049  class_error: 64.84  loss: 6.0554 (6.0247)  loss_ce: 0.7416 (1.2227)  loss_bbox: 3.5416 (3.2701)  loss_giou: 1.7629 (1.5319)  loss_ce_unscaled: 0.3708 (0.6114)  class_error_unscaled: 43.5897 (51.5437)  loss_bbox_unscaled: 0.7083 (0.6540)  loss_giou_unscaled: 0.8814 (0.7660)  cardinality_error_unscaled: 98.5000 (97.8964)  time: 1.9516  data: 0.0112  max mem: 0
Epoch: [0]  [120/225]  eta: 0:03:25  lr: 0.000054  class_error: 74.36  loss: 5.6392 (5.9935)  loss_ce: 0.7481 (1.1876)  loss_bbox: 3.1547 (3.2705)  loss_giou: 1.6248 (1.5354)  loss_ce_unscaled: 0.3740 (0.5938)  class_error_unscaled: 30.7692 (50.5208)  loss_bbox_unscaled: 0.6309 (0.6541)  loss_giou_unscaled: 0.8124 (0.7677)  cardinality_error_unscaled: 99.0000 (97.9793)  time: 1.8343  data: 0.0087  max mem: 0
Epoch: [0]  [130/225]  eta: 0:03:06  lr: 0.000058  class_error: 50.00  loss: 5.3451 (5.9442)  loss_ce: 0.6375 (1.1429)  loss_bbox: 2.9546 (3.2540)  loss_giou: 1.6502 (1.5474)  loss_ce_unscaled: 0.3187 (0.5714)  class_error_unscaled: 28.2051 (48.6441)  loss_bbox_unscaled: 0.5909 (0.6508)  loss_giou_unscaled: 0.8251 (0.7737)  cardinality_error_unscaled: 98.5000 (97.9809)  time: 1.9278  data: 0.0117  max mem: 0
Epoch: [0]  [140/225]  eta: 0:02:46  lr: 0.000063  class_error: 26.92  loss: 5.3424 (5.9003)  loss_ce: 0.6088 (1.1276)  loss_bbox: 2.9546 (3.2339)  loss_giou: 1.6558 (1.5388)  loss_ce_unscaled: 0.3044 (0.5638)  class_error_unscaled: 26.9231 (48.4220)  loss_bbox_unscaled: 0.5909 (0.6468)  loss_giou_unscaled: 0.8279 (0.7694)  cardinality_error_unscaled: 98.5000 (98.0390)  time: 1.9829  data: 0.0112  max mem: 0
Epoch: [0]  [150/225]  eta: 0:02:26  lr: 0.000067  class_error: 15.38  loss: 5.5611 (5.8743)  loss_ce: 0.7631 (1.1062)  loss_bbox: 3.2199 (3.2232)  loss_giou: 1.5845 (1.5449)  loss_ce_unscaled: 0.3816 (0.5531)  class_error_unscaled: 40.0000 (47.9211)  loss_bbox_unscaled: 0.6440 (0.6446)  loss_giou_unscaled: 0.7923 (0.7725)  cardinality_error_unscaled: 99.0000 (98.0762)  time: 1.9270  data: 0.0089  max mem: 0
Epoch: [0]  [160/225]  eta: 0:02:07  lr: 0.000072  class_error: 50.00  loss: 5.3855 (5.8023)  loss_ce: 0.7631 (1.0888)  loss_bbox: 2.7636 (3.1803)  loss_giou: 1.5696 (1.5332)  loss_ce_unscaled: 0.3816 (0.5444)  class_error_unscaled: 40.0000 (47.4674)  loss_bbox_unscaled: 0.5527 (0.6361)  loss_giou_unscaled: 0.7848 (0.7666)  cardinality_error_unscaled: 98.5000 (98.1180)  time: 1.9655  data: 0.0126  max mem: 0
Epoch: [0]  [170/225]  eta: 0:01:47  lr: 0.000076  class_error: 0.00  loss: 4.8187 (5.8078)  loss_ce: 0.8467 (1.0830)  loss_bbox: 2.6845 (3.1814)  loss_giou: 1.4670 (1.5434)  loss_ce_unscaled: 0.4233 (0.5415)  class_error_unscaled: 50.0000 (48.3352)  loss_bbox_unscaled: 0.5369 (0.6363)  loss_giou_unscaled: 0.7335 (0.7717)  cardinality_error_unscaled: 99.0000 (98.1520)  time: 1.9356  data: 0.0135  max mem: 0
Epoch: [0]  [180/225]  eta: 0:01:27  lr: 0.000080  class_error: 61.54  loss: 5.0731 (5.7672)  loss_ce: 0.9241 (1.0688)  loss_bbox: 2.4162 (3.1603)  loss_giou: 1.4658 (1.5381)  loss_ce_unscaled: 0.4621 (0.5344)  class_error_unscaled: 61.5385 (48.4697)  loss_bbox_unscaled: 0.4832 (0.6321)  loss_giou_unscaled: 0.7329 (0.7690)  cardinality_error_unscaled: 99.0000 (98.2044)  time: 1.8904  data: 0.0096  max mem: 0
Epoch: [0]  [190/225]  eta: 0:01:08  lr: 0.000085  class_error: 53.85  loss: 5.2358 (5.7652)  loss_ce: 0.8676 (1.0561)  loss_bbox: 3.2867 (3.1712)  loss_giou: 1.4658 (1.5380)  loss_ce_unscaled: 0.4338 (0.5280)  class_error_unscaled: 50.0000 (48.3535)  loss_bbox_unscaled: 0.6573 (0.6342)  loss_giou_unscaled: 0.7329 (0.7690)  cardinality_error_unscaled: 99.0000 (98.2251)  time: 1.8662  data: 0.0088  max mem: 0
Epoch: [0]  [200/225]  eta: 0:00:49  lr: 0.000089  class_error: 73.08  loss: 5.3392 (5.7354)  loss_ce: 0.7699 (1.0452)  loss_bbox: 2.9564 (3.1502)  loss_giou: 1.5442 (1.5401)  loss_ce_unscaled: 0.3850 (0.5226)  class_error_unscaled: 41.0256 (48.3652)  loss_bbox_unscaled: 0.5913 (0.6300)  loss_giou_unscaled: 0.7721 (0.7700)  cardinality_error_unscaled: 99.0000 (98.2562)  time: 2.0509  data: 0.0092  max mem: 0
Epoch: [0]  [210/225]  eta: 0:00:29  lr: 0.000094  class_error: 25.00  loss: 5.3764 (5.7469)  loss_ce: 0.7699 (1.0323)  loss_bbox: 2.9564 (3.1623)  loss_giou: 1.6502 (1.5523)  loss_ce_unscaled: 0.3850 (0.5161)  class_error_unscaled: 41.0256 (48.3989)  loss_bbox_unscaled: 0.5913 (0.6325)  loss_giou_unscaled: 0.8251 (0.7762)  cardinality_error_unscaled: 98.5000 (98.2488)  time: 2.0066  data: 0.0086  max mem: 0
Epoch: [0]  [220/225]  eta: 0:00:09  lr: 0.000098  class_error: 100.00  loss: 5.5532 (5.7033)  loss_ce: 0.7709 (1.0230)  loss_bbox: 2.6988 (3.1316)  loss_giou: 1.7552 (1.5487)  loss_ce_unscaled: 0.3855 (0.5115)  class_error_unscaled: 34.6154 (47.8703)  loss_bbox_unscaled: 0.5398 (0.6263)  loss_giou_unscaled: 0.8776 (0.7744)  cardinality_error_unscaled: 99.0000 (98.2805)  time: 1.8236  data: 0.0102  max mem: 0
Epoch: [0]  [224/225]  eta: 0:00:01  lr: 0.000100  class_error: 13.46  loss: 4.6422 (5.6938)  loss_ce: 0.7323 (1.0170)  loss_bbox: 2.4588 (3.1262)  loss_giou: 1.5821 (1.5507)  loss_ce_unscaled: 0.3662 (0.5085)  class_error_unscaled: 29.4872 (47.7116)  loss_bbox_unscaled: 0.4918 (0.6252)  loss_giou_unscaled: 0.7911 (0.7753)  cardinality_error_unscaled: 99.0000 (98.2778)  time: 1.8725  data: 0.0109  max mem: 0
Epoch: [0] Total time: 0:07:19 (1.9516 s / it)
Averaged stats: lr: 0.000100  class_error: 13.46  loss: 4.6422 (5.6938)  loss_ce: 0.7323 (1.0170)  loss_bbox: 2.4588 (3.1262)  loss_giou: 1.5821 (1.5507)  loss_ce_unscaled: 0.3662 (0.5085)  class_error_unscaled: 29.4872 (47.7116)  loss_bbox_unscaled: 0.4918 (0.6252)  loss_giou_unscaled: 0.7911 (0.7753)  cardinality_error_unscaled: 99.0000 (98.2778)

--- DEBUG: Flattened Encoder Features ---
Flat Feature[0]: shape = torch.Size([2, 256, 504, 376])
Flat Feature[1]: shape = torch.Size([2, 256, 504, 376])
Flat Feature[2]: shape = torch.Size([2, 256, 504, 376])
Flat Feature[3]: shape = torch.Size([2, 256, 504, 376])
Flat Feature[4]: shape = torch.Size([2, 256, 504, 376])
Flat Feature[5]: shape = torch.Size([2, 256, 504, 376])
--- END DEBUG ---

[SSL] Epoch 0 | Consistency Loss: 1.0292
Test:  [ 0/75]  eta: 0:02:45  class_error: 100.00  loss: 7.1870 (7.1870)  loss_ce: 3.0425 (3.0425)  loss_bbox: 3.0410 (3.0410)  loss_giou: 1.1035 (1.1035)  loss_ce_unscaled: 1.5212 (1.5212)  class_error_unscaled: 100.0000 (100.0000)  loss_bbox_unscaled: 0.6082 (0.6082)  loss_giou_unscaled: 0.5518 (0.5518)  cardinality_error_unscaled: 99.0000 (99.0000)  time: 2.2023  data: 1.6761  max mem: 0
Test:  [10/75]  eta: 0:00:38  class_error: 50.00  loss: 5.7191 (5.6963)  loss_ce: 3.0425 (2.9516)  loss_bbox: 1.9753 (1.9056)  loss_giou: 0.9103 (0.8390)  loss_ce_unscaled: 1.5212 (1.4758)  class_error_unscaled: 50.0000 (40.9091)  loss_bbox_unscaled: 0.3951 (0.3811)  loss_giou_unscaled: 0.4552 (0.4195)  cardinality_error_unscaled: 99.0000 (99.1818)  time: 0.5852  data: 0.2709  max mem: 0
Test:  [20/75]  eta: 0:00:25  class_error: 100.00  loss: 5.9079 (6.4024)  loss_ce: 3.2386 (3.3039)  loss_bbox: 1.9753 (2.1563)  loss_giou: 0.9293 (0.9422)  loss_ce_unscaled: 1.6193 (1.6519)  class_error_unscaled: 50.0000 (47.6190)  loss_bbox_unscaled: 0.3951 (0.4313)  loss_giou_unscaled: 0.4647 (0.4711)  cardinality_error_unscaled: 99.0000 (99.3095)  time: 0.3829  data: 0.0680  max mem: 0
Test:  [30/75]  eta: 0:00:20  class_error: 33.33  loss: 6.4709 (6.5101)  loss_ce: 2.5872 (3.1848)  loss_bbox: 2.5389 (2.2616)  loss_giou: 1.2838 (1.0637)  loss_ce_unscaled: 1.2936 (1.5924)  class_error_unscaled: 50.0000 (51.0753)  loss_bbox_unscaled: 0.5078 (0.4523)  loss_giou_unscaled: 0.6419 (0.5318)  cardinality_error_unscaled: 99.0000 (99.1452)  time: 0.3799  data: 0.0600  max mem: 0
Test:  [40/75]  eta: 0:00:16  class_error: 80.00  loss: 6.8901 (6.8493)  loss_ce: 2.4640 (3.2078)  loss_bbox: 2.5358 (2.4081)  loss_giou: 1.4786 (1.2334)  loss_ce_unscaled: 1.2320 (1.6039)  class_error_unscaled: 50.0000 (49.5122)  loss_bbox_unscaled: 0.5072 (0.4816)  loss_giou_unscaled: 0.7393 (0.6167)  cardinality_error_unscaled: 98.5000 (99.0000)  time: 0.4577  data: 0.1427  max mem: 0
Test:  [50/75]  eta: 0:00:11  class_error: 50.00  loss: 6.6607 (6.6299)  loss_ce: 2.5496 (3.1228)  loss_bbox: 2.0667 (2.2806)  loss_giou: 1.3391 (1.2265)  loss_ce_unscaled: 1.2748 (1.5614)  class_error_unscaled: 50.0000 (52.8758)  loss_bbox_unscaled: 0.4133 (0.4561)  loss_giou_unscaled: 0.6695 (0.6132)  cardinality_error_unscaled: 99.0000 (98.9608)  time: 0.4744  data: 0.1534  max mem: 0
Test:  [60/75]  eta: 0:00:07  class_error: 87.50  loss: 6.4344 (6.7009)  loss_ce: 2.7805 (3.0385)  loss_bbox: 2.0238 (2.3454)  loss_giou: 1.4411 (1.3170)  loss_ce_unscaled: 1.3903 (1.5193)  class_error_unscaled: 50.0000 (51.9945)  loss_bbox_unscaled: 0.4048 (0.4691)  loss_giou_unscaled: 0.7206 (0.6585)  cardinality_error_unscaled: 98.5000 (98.8033)  time: 0.5059  data: 0.2026  max mem: 0
Test:  [70/75]  eta: 0:00:02  class_error: 25.00  loss: 7.0608 (6.7280)  loss_ce: 2.8195 (3.0154)  loss_bbox: 2.3860 (2.3442)  loss_giou: 1.8278 (1.3684)  loss_ce_unscaled: 1.4098 (1.5077)  class_error_unscaled: 50.0000 (51.1603)  loss_bbox_unscaled: 0.4772 (0.4688)  loss_giou_unscaled: 0.9139 (0.6842)  cardinality_error_unscaled: 98.5000 (98.7535)  time: 0.5530  data: 0.2508  max mem: 0
Test:  [74/75]  eta: 0:00:00  class_error: 50.00  loss: 7.0608 (6.7434)  loss_ce: 2.6175 (3.0631)  loss_bbox: 2.3624 (2.3132)  loss_giou: 1.6052 (1.3671)  loss_ce_unscaled: 1.3087 (1.5315)  class_error_unscaled: 37.5000 (50.4317)  loss_bbox_unscaled: 0.4725 (0.4626)  loss_giou_unscaled: 0.8026 (0.6836)  cardinality_error_unscaled: 99.0000 (98.7800)  time: 0.5728  data: 0.2516  max mem: 0
Test: Total time: 0:00:37 (0.4966 s / it)
Averaged stats: class_error: 50.00  loss: 7.0608 (6.7434)  loss_ce: 2.6175 (3.0631)  loss_bbox: 2.3624 (2.3132)  loss_giou: 1.6052 (1.3671)  loss_ce_unscaled: 1.3087 (1.5315)  class_error_unscaled: 37.5000 (50.4317)  loss_bbox_unscaled: 0.4725 (0.4626)  loss_giou_unscaled: 0.8026 (0.6836)  cardinality_error_unscaled: 99.0000 (98.7800)
Accumulating evaluation results...
DONE (t=0.11s).
IoU metric: bbox
 Average Precision  (AP) @[ IoU=0.50:0.95 | area=   all | maxDets=100 ] = 0.004
 Average Precision  (AP) @[ IoU=0.50      | area=   all | maxDets=100 ] = 0.018
 Average Precision  (AP) @[ IoU=0.75      | area=   all | maxDets=100 ] = 0.000
 Average Precision  (AP) @[ IoU=0.50:0.95 | area= small | maxDets=100 ] = -1.000
 Average Precision  (AP) @[ IoU=0.50:0.95 | area=medium | maxDets=100 ] = -1.000
 Average Precision  (AP) @[ IoU=0.50:0.95 | area= large | maxDets=100 ] = 0.004
 Average Recall     (AR) @[ IoU=0.50:0.95 | area=   all | maxDets=  1 ] = 0.028
 Average Recall     (AR) @[ IoU=0.50:0.95 | area=   all | maxDets= 10 ] = 0.033
 Average Recall     (AR) @[ IoU=0.50:0.95 | area=   all | maxDets=100 ] = 0.037
 Average Recall     (AR) @[ IoU=0.50:0.95 | area= small | maxDets=100 ] = -1.000
 Average Recall     (AR) @[ IoU=0.50:0.95 | area=medium | maxDets=100 ] = -1.000
 Average Recall     (AR) @[ IoU=0.50:0.95 | area= large | maxDets=100 ] = 0.037
Grad accum steps:  2
Total batch size:  4
LENGTH OF DATA LOADER: 225
Epoch: [1]  [  0/225]  eta: 0:39:14  lr: 0.000100  class_error: 12.82  loss: 6.5056 (6.5056)  loss_ce: 0.5995 (0.5995)  loss_bbox: 3.4952 (3.4952)  loss_giou: 2.4110 (2.4110)  loss_ce_unscaled: 0.2997 (0.2997)  class_error_unscaled: 12.8205 (12.8205)  loss_bbox_unscaled: 0.6990 (0.6990)  loss_giou_unscaled: 1.2055 (1.2055)  cardinality_error_unscaled: 98.5000 (98.5000)  time: 10.4625  data: 3.1902  max mem: 0
Epoch: [1]  [ 10/225]  eta: 0:10:45  lr: 0.000100  class_error: 42.31  loss: 6.0418 (5.6275)  loss_ce: 0.7770 (0.8246)  loss_bbox: 3.3461 (3.1002)  loss_giou: 1.7102 (1.7026)  loss_ce_unscaled: 0.3885 (0.4123)  class_error_unscaled: 35.8974 (33.7995)  loss_bbox_unscaled: 0.6692 (0.6200)  loss_giou_unscaled: 0.8551 (0.8513)  cardinality_error_unscaled: 98.5000 (98.7273)  time: 3.0045  data: 0.2965  max mem: 0
Epoch: [1]  [ 20/225]  eta: 0:08:29  lr: 0.000100  class_error: 57.69  loss: 4.8184 (4.8566)  loss_ce: 0.7770 (0.8474)  loss_bbox: 2.5270 (2.5209)  loss_giou: 1.4858 (1.4883)  loss_ce_unscaled: 0.3885 (0.4237)  class_error_unscaled: 41.0256 (41.0256)  loss_bbox_unscaled: 0.5054 (0.5042)  loss_giou_unscaled: 0.7429 (0.7442)  cardinality_error_unscaled: 99.0000 (98.8571)  time: 2.0876  data: 0.0088  max mem: 0
Epoch: [1]  [ 30/225]  eta: 0:07:34  lr: 0.000100  class_error: 76.92  loss: 5.1578 (5.1300)  loss_ce: 0.7626 (0.8438)  loss_bbox: 2.4917 (2.6665)  loss_giou: 1.5937 (1.6196)  loss_ce_unscaled: 0.3813 (0.4219)  class_error_unscaled: 57.6923 (46.2386)  loss_bbox_unscaled: 0.4983 (0.5333)  loss_giou_unscaled: 0.7969 (0.8098)  cardinality_error_unscaled: 98.5000 (98.5806)  time: 1.9568  data: 0.0101  max mem: 0
Epoch: [1]  [ 40/225]  eta: 0:06:50  lr: 0.000100  class_error: 100.00  loss: 5.3236 (5.0765)  loss_ce: 0.9117 (0.8893)  loss_bbox: 2.4917 (2.5623)  loss_giou: 1.9457 (1.6249)  loss_ce_unscaled: 0.4559 (0.4447)  class_error_unscaled: 66.1538 (52.9735)  loss_bbox_unscaled: 0.4983 (0.5125)  loss_giou_unscaled: 0.9729 (0.8124)  cardinality_error_unscaled: 98.0000 (98.4146)  time: 1.9409  data: 0.0096  max mem: 0
Epoch: [1]  [ 50/225]  eta: 0:06:14  lr: 0.000100  class_error: 61.54  loss: 4.9611 (5.0644)  loss_ce: 1.0213 (0.9136)  loss_bbox: 2.1227 (2.5309)  loss_giou: 1.4151 (1.6198)  loss_ce_unscaled: 0.5107 (0.4568)  class_error_unscaled: 80.7692 (55.5277)  loss_bbox_unscaled: 0.4245 (0.5062)  loss_giou_unscaled: 0.7076 (0.8099)  cardinality_error_unscaled: 98.5000 (98.4706)  time: 1.8529  data: 0.0115  max mem: 0
Epoch: [1]  [ 60/225]  eta: 0:05:51  lr: 0.000100  class_error: 73.08  loss: 4.6862 (4.9807)  loss_ce: 0.8887 (0.9850)  loss_bbox: 1.9547 (2.4283)  loss_giou: 1.1784 (1.5674)  loss_ce_unscaled: 0.4443 (0.4925)  class_error_unscaled: 69.2308 (56.9944)  loss_bbox_unscaled: 0.3909 (0.4857)  loss_giou_unscaled: 0.5892 (0.7837)  cardinality_error_unscaled: 99.0000 (98.5164)  time: 1.9372  data: 0.0146  max mem: 0
Epoch: [1]  [ 70/225]  eta: 0:05:28  lr: 0.000100  class_error: 100.00  loss: 4.6862 (4.8917)  loss_ce: 1.0147 (0.9947)  loss_bbox: 1.7653 (2.3435)  loss_giou: 1.5421 (1.5535)  loss_ce_unscaled: 0.5073 (0.4973)  class_error_unscaled: 69.2308 (59.3263)  loss_bbox_unscaled: 0.3531 (0.4687)  loss_giou_unscaled: 0.7711 (0.7767)  cardinality_error_unscaled: 99.0000 (98.5563)  time: 2.0611  data: 0.0144  max mem: 0
Epoch: [1]  [ 80/225]  eta: 0:05:04  lr: 0.000100  class_error: 23.08  loss: 4.2035 (4.8286)  loss_ce: 1.0159 (0.9976)  loss_bbox: 1.7653 (2.2909)  loss_giou: 1.7382 (1.5400)  loss_ce_unscaled: 0.5080 (0.4988)  class_error_unscaled: 69.2308 (60.1582)  loss_bbox_unscaled: 0.3531 (0.4582)  loss_giou_unscaled: 0.8691 (0.7700)  cardinality_error_unscaled: 99.0000 (98.5802)  time: 2.0169  data: 0.0111  max mem: 0
Epoch: [1]  [ 90/225]  eta: 0:04:42  lr: 0.000100  class_error: 90.11  loss: 3.8684 (4.7725)  loss_ce: 0.9745 (1.0064)  loss_bbox: 1.5810 (2.2395)  loss_giou: 1.1784 (1.5266)  loss_ce_unscaled: 0.4872 (0.5032)  class_error_unscaled: 88.4615 (63.2076)  loss_bbox_unscaled: 0.3162 (0.4479)  loss_giou_unscaled: 0.5892 (0.7633)  cardinality_error_unscaled: 98.5000 (98.5604)  time: 1.9867  data: 0.0105  max mem: 0
Epoch: [1]  [100/225]  eta: 0:04:18  lr: 0.000100  class_error: 50.00  loss: 4.5057 (4.8280)  loss_ce: 0.9729 (1.0623)  loss_bbox: 1.9971 (2.2331)  loss_giou: 1.1878 (1.5327)  loss_ce_unscaled: 0.4865 (0.5311)  class_error_unscaled: 87.1795 (64.2876)  loss_bbox_unscaled: 0.3994 (0.4466)  loss_giou_unscaled: 0.5939 (0.7663)  cardinality_error_unscaled: 98.5000 (98.5693)  time: 1.9242  data: 0.0099  max mem: 0
Epoch: [1]  [110/225]  eta: 0:03:55  lr: 0.000100  class_error: 0.00  loss: 4.8126 (4.8088)  loss_ce: 1.0209 (1.0587)  loss_bbox: 2.1101 (2.2164)  loss_giou: 1.4505 (1.5336)  loss_ce_unscaled: 0.5104 (0.5294)  class_error_unscaled: 83.0769 (64.7965)  loss_bbox_unscaled: 0.4220 (0.4433)  loss_giou_unscaled: 0.7252 (0.7668)  cardinality_error_unscaled: 99.0000 (98.5856)  time: 1.8681  data: 0.0088  max mem: 0
Epoch: [1]  [120/225]  eta: 0:03:35  lr: 0.000100  class_error: 60.00  loss: 4.2584 (4.7523)  loss_ce: 1.1107 (1.1006)  loss_bbox: 1.4993 (2.1511)  loss_giou: 1.2737 (1.5006)  loss_ce_unscaled: 0.5554 (0.5503)  class_error_unscaled: 84.6154 (66.3475)  loss_bbox_unscaled: 0.2999 (0.4302)  loss_giou_unscaled: 0.6369 (0.7503)  cardinality_error_unscaled: 99.0000 (98.5950)  time: 1.9869  data: 0.0103  max mem: 0
Epoch: [1]  [130/225]  eta: 0:03:15  lr: 0.000100  class_error: 100.00  loss: 4.0990 (4.7209)  loss_ce: 1.1558 (1.1250)  loss_bbox: 1.2419 (2.1031)  loss_giou: 1.0029 (1.4928)  loss_ce_unscaled: 0.5779 (0.5625)  class_error_unscaled: 100.0000 (67.6050)  loss_bbox_unscaled: 0.2484 (0.4206)  loss_giou_unscaled: 0.5015 (0.7464)  cardinality_error_unscaled: 99.0000 (98.6260)  time: 2.0994  data: 0.0102  max mem: 0
Epoch: [1]  [140/225]  eta: 0:02:54  lr: 0.000100  class_error: 80.77  loss: 4.0990 (4.6958)  loss_ce: 1.0677 (1.1222)  loss_bbox: 1.4847 (2.0808)  loss_giou: 1.0029 (1.4929)  loss_ce_unscaled: 0.5338 (0.5611)  class_error_unscaled: 92.3077 (68.3750)  loss_bbox_unscaled: 0.2969 (0.4162)  loss_giou_unscaled: 0.5015 (0.7465)  cardinality_error_unscaled: 98.5000 (98.6312)  time: 2.0671  data: 0.0093  max mem: 0
Epoch: [1]  [150/225]  eta: 0:02:33  lr: 0.000100  class_error: 100.00  loss: 4.2079 (4.6666)  loss_ce: 0.9711 (1.1130)  loss_bbox: 1.4997 (2.0600)  loss_giou: 1.5480 (1.4935)  loss_ce_unscaled: 0.4856 (0.5565)  class_error_unscaled: 84.6154 (68.9020)  loss_bbox_unscaled: 0.2999 (0.4120)  loss_giou_unscaled: 0.7740 (0.7467)  cardinality_error_unscaled: 98.5000 (98.6325)  time: 2.0171  data: 0.0094  max mem: 0
Epoch: [1]  [160/225]  eta: 0:02:12  lr: 0.000100  class_error: 73.08  loss: 4.2079 (4.6539)  loss_ce: 0.9428 (1.1042)  loss_bbox: 1.7636 (2.0547)  loss_giou: 1.5480 (1.4949)  loss_ce_unscaled: 0.4714 (0.5521)  class_error_unscaled: 80.0000 (68.9113)  loss_bbox_unscaled: 0.3527 (0.4109)  loss_giou_unscaled: 0.7740 (0.7475)  cardinality_error_unscaled: 98.5000 (98.6242)  time: 1.8735  data: 0.0112  max mem: 0
Epoch: [1]  [170/225]  eta: 0:01:51  lr: 0.000100  class_error: 0.00  loss: 3.7017 (4.5725)  loss_ce: 0.8689 (1.0978)  loss_bbox: 1.8610 (2.0158)  loss_giou: 0.6884 (1.4589)  loss_ce_unscaled: 0.4344 (0.5489)  class_error_unscaled: 56.9231 (67.7154)  loss_bbox_unscaled: 0.3722 (0.4032)  loss_giou_unscaled: 0.3442 (0.7295)  cardinality_error_unscaled: 99.0000 (98.6608)  time: 1.8262  data: 0.0109  max mem: 0
Epoch: [1]  [180/225]  eta: 0:01:31  lr: 0.000100  class_error: 0.00  loss: 4.6088 (4.6031)  loss_ce: 0.8702 (1.0923)  loss_bbox: 1.9944 (2.0361)  loss_giou: 1.4689 (1.4747)  loss_ce_unscaled: 0.4351 (0.5461)  class_error_unscaled: 56.4103 (67.5682)  loss_bbox_unscaled: 0.3989 (0.4072)  loss_giou_unscaled: 0.7344 (0.7373)  cardinality_error_unscaled: 98.5000 (98.6519)  time: 1.9588  data: 0.0101  max mem: 0
Epoch: [1]  [190/225]  eta: 0:01:10  lr: 0.000100  class_error: 92.31  loss: 4.0850 (4.5617)  loss_ce: 0.9004 (1.0843)  loss_bbox: 2.0033 (2.0225)  loss_giou: 1.2168 (1.4548)  loss_ce_unscaled: 0.4502 (0.5422)  class_error_unscaled: 53.8462 (67.2189)  loss_bbox_unscaled: 0.4007 (0.4045)  loss_giou_unscaled: 0.6084 (0.7274)  cardinality_error_unscaled: 99.0000 (98.6754)  time: 1.9583  data: 0.0099  max mem: 0